<?xml version="1.0" encoding="UTF-8"?>
<testng-results ignored="0" total="1" passed="1" failed="0" skipped="0">
  <reporter-output>
  </reporter-output>
  <suite started-at="2026-01-07T12:03:04 IST" name="TestNG Regression Suite" finished-at="2026-01-07T12:03:12 IST" duration-ms="8139">
    <groups>
    </groups>
    <test started-at="2026-01-07T12:03:04 IST" name="OrangeHrmTest" finished-at="2026-01-07T12:03:12 IST" duration-ms="8139">
      <class name="com.qa.test2.DropDownHandleWithoutSelectClass">
        <test-method is-config="true" signature="startDriver()[pri:0, instance:com.qa.test2.DropDownHandleWithoutSelectClass@639c2c1d]" started-at="2026-01-07T12:03:04 IST" name="startDriver" finished-at="2026-01-07T12:03:06 IST" duration-ms="1799" status="PASS">
          <reporter-output>
          </reporter-output>
        </test-method> <!-- startDriver -->
        <test-method signature="testDropDownWithoutSelect()[pri:0, instance:com.qa.test2.DropDownHandleWithoutSelectClass@639c2c1d]" started-at="2026-01-07T12:03:06 IST" name="testDropDownWithoutSelect" finished-at="2026-01-07T12:03:12 IST" duration-ms="5766" status="PASS">
          <reporter-output>
          </reporter-output>
        </test-method> <!-- testDropDownWithoutSelect -->
        <test-method is-config="true" signature="quitDriver()[pri:0, instance:com.qa.test2.DropDownHandleWithoutSelectClass@639c2c1d]" started-at="2026-01-07T12:03:12 IST" name="quitDriver" finished-at="2026-01-07T12:03:12 IST" duration-ms="502" status="PASS">
          <reporter-output>
          </reporter-output>
        </test-method> <!-- quitDriver -->
      </class> <!-- com.qa.test2.DropDownHandleWithoutSelectClass -->
    </test> <!-- OrangeHrmTest -->
  </suite> <!-- TestNG Regression Suite -->
</testng-results>
